<?xml version="1.0" encoding="UTF-8"?>
<!-- Generated by org.testng.reporters.JUnitXMLReporter -->
<testsuite ignored="0" hostname="akhatri" failures="0" tests="4" name="Default test" time="3.873" errors="0" timestamp="2023-09-13T11:49:28 IST">
  <testcase classname="com.learnautomation.testcases.SignUpTest" name="SingUpApps" time="0.005"/>
  <testcase classname="com.learnautomation.testcases.SignUpTest" name="SingUpApps" time="0.002"/>
  <testcase classname="com.learnautomation.testcases.SignUpTest" name="SingUpApps" time="0.001"/>
  <testcase classname="com.learnautomation.testcases.SignUpTest" name="SingUpApps" time="0.001"/>
</testsuite> <!-- Default test -->
