<?xml version="1.0" encoding="UTF-8"?>
<!-- Generated by org.testng.reporters.JUnitXMLReporter -->
<testsuite ignored="0" hostname="akhatri" failures="0" tests="4" name="Test" time="41.258" errors="0" timestamp="2023-09-18T15:57:56 IST">
  <testcase classname="com.learnautomation.testcases.LoginTest" name="loginWithValidCredentials" time="6.289"/>
  <testcase classname="com.learnautomation.testcases.SignUpTest" name="SingUpApps" time="8.543"/>
  <testcase classname="com.learnautomation.testcases.SignUpTest" name="SingUpApps" time="9.231"/>
  <testcase classname="com.learnautomation.testcases.SignUpTest" name="SingUpApps" time="9.358"/>
</testsuite> <!-- Test -->
