<?xml version="1.0" encoding="UTF-8"?>
<testng-results ignored="0" total="4" passed="4" failed="0" skipped="0">
  <reporter-output>
  </reporter-output>
  <suite started-at="2023-09-18T15:57:15 IST" name="Suite" finished-at="2023-09-18T15:57:56 IST" duration-ms="41258">
    <groups>
    </groups>
    <test started-at="2023-09-18T15:57:15 IST" name="Test" finished-at="2023-09-18T15:57:56 IST" duration-ms="41258">
      <class name="com.learnautomation.testcases.LoginTest">
        <test-method is-config="true" signature="setupApplication()[pri:0, instance:com.learnautomation.testcases.LoginTest@41709512]" started-at="2023-09-18T15:57:15 IST" name="setupApplication" finished-at="2023-09-18T15:57:18 IST" duration-ms="3764" status="PASS">
          <reporter-output>
          </reporter-output>
        </test-method> <!-- setupApplication -->
        <test-method signature="loginWithValidCredentials(java.lang.String,java.lang.String)[pri:0, instance:com.learnautomation.testcases.LoginTest@41709512]" started-at="2023-09-18T15:57:19 IST" name="loginWithValidCredentials" data-provider="userData" finished-at="2023-09-18T15:57:25 IST" duration-ms="6289" status="PASS">
          <params>
            <param index="0">
              <value>
                <![CDATA[admin@email.com]]>
              </value>
            </param>
            <param index="1">
              <value>
                <![CDATA[admin@123]]>
              </value>
            </param>
          </params>
          <reporter-output>
          </reporter-output>
        </test-method> <!-- loginWithValidCredentials -->
        <test-method is-config="true" signature="tearDownApplication()[pri:0, instance:com.learnautomation.testcases.LoginTest@41709512]" started-at="2023-09-18T15:57:25 IST" name="tearDownApplication" finished-at="2023-09-18T15:57:26 IST" duration-ms="319" status="PASS">
          <reporter-output>
          </reporter-output>
        </test-method> <!-- tearDownApplication -->
      </class> <!-- com.learnautomation.testcases.LoginTest -->
      <class name="com.learnautomation.testcases.SignUpTest">
        <test-method is-config="true" signature="setupApplication()[pri:0, instance:com.learnautomation.testcases.SignUpTest@2e1ef60]" started-at="2023-09-18T15:57:26 IST" name="setupApplication" finished-at="2023-09-18T15:57:28 IST" duration-ms="2748" status="PASS">
          <reporter-output>
          </reporter-output>
        </test-method> <!-- setupApplication -->
        <test-method signature="SingUpApps(java.lang.String,java.lang.String,java.lang.String,java.lang.String,java.lang.String,java.lang.String,java.lang.String)[pri:0, instance:com.learnautomation.testcases.SignUpTest@2e1ef60]" started-at="2023-09-18T15:57:28 IST" name="SingUpApps" data-provider="signup" finished-at="2023-09-18T15:57:37 IST" duration-ms="8543" status="PASS">
          <params>
            <param index="0">
              <value>
                <![CDATA[Sehat]]>
              </value>
            </param>
            <param index="1">
              <value>
                <![CDATA[sehat@asite.com]]>
              </value>
            </param>
            <param index="2">
              <value>
                <![CDATA[Ak@1234]]>
              </value>
            </param>
            <param index="3">
              <value>
                <![CDATA[Automation Testing]]>
              </value>
            </param>
            <param index="4">
              <value>
                <![CDATA[Male]]>
              </value>
            </param>
            <param index="5">
              <value>
                <![CDATA[Haryana]]>
              </value>
            </param>
            <param index="6">
              <value>
                <![CDATA[Playing]]>
              </value>
            </param>
          </params>
          <reporter-output>
          </reporter-output>
        </test-method> <!-- SingUpApps -->
        <test-method signature="SingUpApps(java.lang.String,java.lang.String,java.lang.String,java.lang.String,java.lang.String,java.lang.String,java.lang.String)[pri:0, instance:com.learnautomation.testcases.SignUpTest@2e1ef60]" started-at="2023-09-18T15:57:37 IST" name="SingUpApps" data-provider="signup" finished-at="2023-09-18T15:57:46 IST" duration-ms="9231" status="PASS">
          <params>
            <param index="0">
              <value>
                <![CDATA[abhishek]]>
              </value>
            </param>
            <param index="1">
              <value>
                <![CDATA[abhishek@asite.com]]>
              </value>
            </param>
            <param index="2">
              <value>
                <![CDATA[Ak@1234]]>
              </value>
            </param>
            <param index="3">
              <value>
                <![CDATA[Cypress]]>
              </value>
            </param>
            <param index="4">
              <value>
                <![CDATA[Female]]>
              </value>
            </param>
            <param index="5">
              <value>
                <![CDATA[Gujarat]]>
              </value>
            </param>
            <param index="6">
              <value>
                <![CDATA[Playing]]>
              </value>
            </param>
          </params>
          <reporter-output>
          </reporter-output>
        </test-method> <!-- SingUpApps -->
        <test-method signature="SingUpApps(java.lang.String,java.lang.String,java.lang.String,java.lang.String,java.lang.String,java.lang.String,java.lang.String)[pri:0, instance:com.learnautomation.testcases.SignUpTest@2e1ef60]" started-at="2023-09-18T15:57:46 IST" name="SingUpApps" data-provider="signup" finished-at="2023-09-18T15:57:56 IST" duration-ms="9358" status="PASS">
          <params>
            <param index="0">
              <value>
                <![CDATA[narayn]]>
              </value>
            </param>
            <param index="1">
              <value>
                <![CDATA[narayan@asite.com]]>
              </value>
            </param>
            <param index="2">
              <value>
                <![CDATA[Ak@1234]]>
              </value>
            </param>
            <param index="3">
              <value>
                <![CDATA[Automation Testing]]>
              </value>
            </param>
            <param index="4">
              <value>
                <![CDATA[Male]]>
              </value>
            </param>
            <param index="5">
              <value>
                <![CDATA[Gujarat]]>
              </value>
            </param>
            <param index="6">
              <value>
                <![CDATA[Playing]]>
              </value>
            </param>
          </params>
          <reporter-output>
          </reporter-output>
        </test-method> <!-- SingUpApps -->
        <test-method is-config="true" signature="tearDownApplication()[pri:0, instance:com.learnautomation.testcases.SignUpTest@2e1ef60]" started-at="2023-09-18T15:57:56 IST" name="tearDownApplication" finished-at="2023-09-18T15:57:56 IST" duration-ms="305" status="PASS">
          <reporter-output>
          </reporter-output>
        </test-method> <!-- tearDownApplication -->
      </class> <!-- com.learnautomation.testcases.SignUpTest -->
    </test> <!-- Test -->
  </suite> <!-- Suite -->
</testng-results>
