<?xml version="1.0" encoding="UTF-8"?>
<testng-results ignored="0" total="2" passed="2" failed="0" skipped="0">
  <reporter-output>
  </reporter-output>
  <suite started-at="2023-09-13T11:51:55 IST" name="Suite" finished-at="2023-09-13T11:52:16 IST" duration-ms="20766">
    <groups>
    </groups>
    <test started-at="2023-09-13T11:51:55 IST" name="Test" finished-at="2023-09-13T11:52:16 IST" duration-ms="20766">
      <class name="com.learnautomation.testcases.SignUpTest">
        <test-method is-config="true" signature="setupApplication()[pri:0, instance:com.learnautomation.testcases.SignUpTest@68b32e3e]" started-at="2023-09-13T11:51:55 IST" name="setupApplication" finished-at="2023-09-13T11:51:58 IST" duration-ms="3236" status="PASS">
          <reporter-output>
          </reporter-output>
        </test-method> <!-- setupApplication -->
        <test-method signature="SingUpApps(java.lang.String,java.lang.String,java.lang.String,java.lang.String,java.lang.String,java.lang.String,java.lang.String)[pri:0, instance:com.learnautomation.testcases.SignUpTest@68b32e3e]" started-at="2023-09-13T11:51:59 IST" name="SingUpApps" data-provider="signup" finished-at="2023-09-13T11:52:07 IST" duration-ms="8325" status="PASS">
          <params>
            <param index="0">
              <value>
                <![CDATA[deepak]]>
              </value>
            </param>
            <param index="1">
              <value>
                <![CDATA[deppak@asite.com]]>
              </value>
            </param>
            <param index="2">
              <value>
                <![CDATA[Ak@1234]]>
              </value>
            </param>
            <param index="3">
              <value>
                <![CDATA[Automation Testing]]>
              </value>
            </param>
            <param index="4">
              <value>
                <![CDATA[Male]]>
              </value>
            </param>
            <param index="5">
              <value>
                <![CDATA[Haryana]]>
              </value>
            </param>
            <param index="6">
              <value>
                <![CDATA[Playing]]>
              </value>
            </param>
          </params>
          <reporter-output>
          </reporter-output>
        </test-method> <!-- SingUpApps -->
        <test-method signature="SingUpApps(java.lang.String,java.lang.String,java.lang.String,java.lang.String,java.lang.String,java.lang.String,java.lang.String)[pri:0, instance:com.learnautomation.testcases.SignUpTest@68b32e3e]" started-at="2023-09-13T11:52:07 IST" name="SingUpApps" data-provider="signup" finished-at="2023-09-13T11:52:16 IST" duration-ms="8721" status="PASS">
          <params>
            <param index="0">
              <value>
                <![CDATA[Rajnish]]>
              </value>
            </param>
            <param index="1">
              <value>
                <![CDATA[rajnish@asite.com]]>
              </value>
            </param>
            <param index="2">
              <value>
                <![CDATA[Ak@1234]]>
              </value>
            </param>
            <param index="3">
              <value>
                <![CDATA[Cypress]]>
              </value>
            </param>
            <param index="4">
              <value>
                <![CDATA[Female]]>
              </value>
            </param>
            <param index="5">
              <value>
                <![CDATA[Gujarat]]>
              </value>
            </param>
            <param index="6">
              <value>
                <![CDATA[Playing]]>
              </value>
            </param>
          </params>
          <reporter-output>
          </reporter-output>
        </test-method> <!-- SingUpApps -->
        <test-method is-config="true" signature="tearDownApplication()[pri:0, instance:com.learnautomation.testcases.SignUpTest@68b32e3e]" started-at="2023-09-13T11:52:16 IST" name="tearDownApplication" finished-at="2023-09-13T11:52:16 IST" duration-ms="0" status="PASS">
          <reporter-output>
          </reporter-output>
        </test-method> <!-- tearDownApplication -->
      </class> <!-- com.learnautomation.testcases.SignUpTest -->
    </test> <!-- Test -->
  </suite> <!-- Suite -->
</testng-results>
